#
# A fatal error has been detected by the Java Runtime Environment:
#
#  EXCEPTION_ACCESS_VIOLATION (0xc0000005) at pc=0x00000000701eed25, pid=2288, tid=0x0000000000002934
#
# JRE version: Java(TM) SE Runtime Environment (8.0_251-b08) (build 1.8.0_251-b08)
# Java VM: Java HotSpot(TM) 64-Bit Server VM (25.251-b08 mixed mode windows-amd64 compressed oops)
# Problematic frame:
# V  [jvm.dll+0x1bed25]
#
# Failed to write core dump. Minidumps are not enabled by default on client versions of Windows
#
# If you would like to submit a bug report, please visit:
#   http://bugreport.java.com/bugreport/crash.jsp
#

---------------  T H R E A D  ---------------

Current thread (0x0000000057c53800):  VMThread [stack: 0x0000000059c40000,0x0000000059d40000] [id=10548]

siginfo: ExceptionCode=0xc0000005, reading address 0xffffffffffffffff

Registers:
RAX=0x1c00a70014b62b23, RBX=0x0000000059d3f6e0, RCX=0x0000000000000006, RDX=0x0000000000000001
RSP=0x0000000059d3f630, RBP=0x0000000002458eb0, RSI=0x00000000576d1838, RDI=0x000000005a97f3f0
R8 =0x00000000576d0fe0, R9 =0x0000000057a74840, R10=0x0000000000000003, R11=0x00000000577b7940
R12=0x000000007015fbe0, R13=0x00000000172f9248, R14=0x0000000002458eb0, R15=0x0000000057a728f0
RIP=0x00000000701eed25, EFLAGS=0x0000000000010202

Top of Stack: (sp=0x0000000059d3f630)
0x0000000059d3f630:   0000000002458ea0 000000005a97f3f0
0x0000000059d3f640:   0000000002459288 00000000689b39e1
0x0000000059d3f650:   000000005a97f3f0 00000000689e8d94
0x0000000059d3f660:   0000000000000048 0000000057a74840
0x0000000059d3f670:   0000000000000000 0000000002458eb0
0x0000000059d3f680:   0000000002459288 0000000002458ea0
0x0000000059d3f690:   0000000002458eb0 0000000002459288
0x0000000059d3f6a0:   00000000000003d8 0000000058d47500
0x0000000059d3f6b0:   000000005a97f3f0 00000000701efc57
0x0000000059d3f6c0:   000000005a97f3f0 0000000059d3f6e0
0x0000000059d3f6d0:   0000000002458ea0 00000000702c9ae8
0x0000000059d3f6e0:   000000007015fd80 0000000000000000
0x0000000059d3f6f0:   00000000024662d0 000000007027d757
0x0000000059d3f700:   000000005a97f380 0000000070277388
0x0000000059d3f710:   0000000e0217ad89 000000007024ec32
0x0000000059d3f720:   0000000002458ea0 0000000000000000 

Instructions: (pc=0x00000000701eed25)
0x00000000701eed05:   8d 44 d1 08 0f 1f 80 00 00 00 00 49 8b 30 f6 46
0x00000000701eed15:   2b 10 74 26 48 8b 46 08 0f b7 48 22 48 8b 40 08
0x00000000701eed25:   4c 39 7c c8 50 75 13 48 8b 46 08 0f b7 48 24 48
0x00000000701eed35:   8b 40 08 4c 39 4c c8 50 74 0e 49 83 e8 08 48 ff 


Register to memory mapping:

RAX=0x1c00a70014b62b23 is an unknown value
RBX=0x0000000059d3f6e0 is an unknown value
RCX=0x0000000000000006 is an unknown value
RDX=0x0000000000000001 is an unknown value
RSP=0x0000000059d3f630 is an unknown value
RBP=0x0000000002458eb0 is an unknown value
RSI={method} {0x00000000576d1840} 
[error occurred during error reporting (printing register info), id 0xc0000005]

Stack: [0x0000000059c40000,0x0000000059d40000],  sp=0x0000000059d3f630,  free space=1021k
Native frames: (J=compiled Java code, j=interpreted, Vv=VM code, C=native code)
V  [jvm.dll+0x1bed25]
V  [jvm.dll+0x1bfc57]
V  [jvm.dll+0x24d757]
V  [jvm.dll+0x24c9f6]
V  [jvm.dll+0x24ce91]
V  [jvm.dll+0x24d0ae]
V  [jvm.dll+0x2a001a]
C  [msvcr100.dll+0x21d9f]
C  [msvcr100.dll+0x21e3b]
C  [kernel32.dll+0x1556d]
C  [ntdll.dll+0x5372d]

VM_Operation (0x000000005a97f380): ChangeBreakpoints, mode: safepoint, requested by thread 0x0000000058d41000


---------------  P R O C E S S  ---------------

Java Threads: ( => current thread )
  0x0000000058e2d000 JavaThread "Service Thread" daemon [_thread_blocked, id=10492, stack(0x000000005b080000,0x000000005b180000)]
  0x0000000058e29000 JavaThread "C1 CompilerThread3" daemon [_thread_blocked, id=11232, stack(0x000000005b190000,0x000000005b290000)]
  0x0000000058e26000 JavaThread "C2 CompilerThread2" daemon [_thread_blocked, id=11036, stack(0x000000005ad10000,0x000000005ae10000)]
  0x0000000058e25800 JavaThread "C2 CompilerThread1" daemon [_thread_blocked, id=10256, stack(0x000000005af80000,0x000000005b080000)]
  0x0000000058e14800 JavaThread "C2 CompilerThread0" daemon [_thread_blocked, id=11236, stack(0x000000005ae30000,0x000000005af30000)]
  0x0000000058d4f800 JavaThread "JDWP Command Reader" daemon [_thread_in_native, id=9932, stack(0x000000005abd0000,0x000000005acd0000)]
  0x0000000058d4b800 JavaThread "JDWP Event Helper Thread" daemon [_thread_blocked, id=10520, stack(0x000000005aa60000,0x000000005ab60000)]
  0x0000000058d41000 JavaThread "JDWP Transport Listener: dt_socket" daemon [_thread_blocked, id=10972, stack(0x000000005a880000,0x000000005a980000)]
  0x0000000058d23000 JavaThread "Attach Listener" daemon [_thread_blocked, id=9368, stack(0x000000005a050000,0x000000005a150000)]
  0x0000000058d22000 JavaThread "Signal Dispatcher" daemon [_thread_blocked, id=11252, stack(0x000000005a1f0000,0x000000005a2f0000)]
  0x0000000057c63800 JavaThread "Finalizer" daemon [_thread_blocked, id=10596, stack(0x0000000059f10000,0x000000005a010000)]
  0x0000000057c5c800 JavaThread "Reference Handler" daemon [_thread_blocked, id=10844, stack(0x0000000059e00000,0x0000000059f00000)]
  0x00000000001ee800 JavaThread "main" [_thread_in_native, id=10408, stack(0x00000000025b0000,0x00000000026b0000)]

Other Threads:
=>0x0000000057c53800 VMThread [stack: 0x0000000059c40000,0x0000000059d40000] [id=10548]
  0x0000000058fae000 WatcherThread [stack: 0x000000005b3d0000,0x000000005b4d0000] [id=10576]

VM state:at safepoint (normal execution)

VM Mutex/Monitor currently owned by a thread:  ([mutex/lock_event])
[0x0000000002408a00] Threads_lock - owner thread: 0x0000000057c53800

heap address: 0x0000000081c00000, size: 2020 MB, Compressed Oops mode: 32-bit
Narrow klass base: 0x0000000000000000, Narrow klass shift: 0
Compressed class space size: 1073741824 Address: 0x0000000017270000

Heap:
 PSYoungGen      total 38400K, used 9400K [0x00000000d5f00000, 0x00000000d8980000, 0x0000000100000000)
  eden space 33280K, 28% used [0x00000000d5f00000,0x00000000d682e0b8,0x00000000d7f80000)
  from space 5120K, 0% used [0x00000000d8480000,0x00000000d8480000,0x00000000d8980000)
  to   space 5120K, 0% used [0x00000000d7f80000,0x00000000d7f80000,0x00000000d8480000)
 ParOldGen       total 87552K, used 0K [0x0000000081c00000, 0x0000000087180000, 0x00000000d5f00000)
  object space 87552K, 0% used [0x0000000081c00000,0x0000000081c00000,0x0000000087180000)
 Metaspace       used 6019K, capacity 6142K, committed 6400K, reserved 1056768K
  class space    used 631K, capacity 661K, committed 768K, reserved 1048576K

Card table byte_map: [0x0000000011b70000,0x0000000011f70000] byte_map_base: 0x0000000011762000

Marking Bits: (ParMarkBitMap*) 0x000000007085af90
 Begin Bits: [0x0000000012f50000, 0x0000000014ee0000)
 End Bits:   [0x0000000014ee0000, 0x0000000016e70000)

Polling page: 0x0000000000330000

CodeCache: size=245760Kb used=1922Kb max_used=1922Kb free=243837Kb
 bounds [0x00000000027b0000, 0x0000000002a20000, 0x00000000117b0000]
 total_blobs=528 nmethods=231 adapters=218
 compilation: enabled

Compilation events (10 events):
Event: 6401.127 Thread 0x0000000058e29000  227       3       org.eclipse.jdt.launching.internal.org.objectweb.asm.MethodVisitor::<init> (7 bytes)
Event: 6401.127 Thread 0x0000000058e29000 nmethod 227 0x0000000002985010 code [0x0000000002985180, 0x0000000002985328]
Event: 6401.127 Thread 0x0000000058e29000  228       3       org.eclipse.jdt.launching.internal.org.objectweb.asm.MethodVisitor::<init> (66 bytes)
Event: 6401.128 Thread 0x0000000058e29000 nmethod 228 0x00000000029860d0 code [0x00000000029862c0, 0x0000000002986c18]
Event: 6401.128 Thread 0x0000000058e29000  229       3       org.eclipse.jdt.launching.internal.org.objectweb.asm.MethodWriter::visitEnd (1 bytes)
Event: 6401.128 Thread 0x0000000058e29000 nmethod 229 0x0000000002985d90 code [0x0000000002985ee0, 0x0000000002986030]
Event: 6401.128 Thread 0x0000000058e29000  230       3       org.eclipse.jdt.launching.internal.org.objectweb.asm.MethodWriter::hasFrames (13 bytes)
Event: 6401.128 Thread 0x0000000058e29000 nmethod 230 0x000000000298dad0 code [0x000000000298dc20, 0x000000000298ddd0]
Event: 6407.311 Thread 0x0000000058e29000  231       3       org.eclipse.jdt.launching.internal.org.objectweb.asm.MethodWriter::canCopyMethodAttributes (163 bytes)
Event: 6407.311 Thread 0x0000000058e29000 nmethod 231 0x000000000298cc50 code [0x000000000298ce00, 0x000000000298d670]

GC Heap History (0 events):
No events

Deoptimization events (0 events):
No events

Classes redefined (10 events):
Event: 5371.767 Thread 0x0000000057c53800 redefined class name=com.my.view.CustomerMainView, count=15
Event: 5547.800 Thread 0x0000000057c53800 redefined class name=com.my.view.CustomerMainView, count=16
Event: 5653.966 Thread 0x0000000057c53800 redefined class name=com.my.view.CustomerMainView, count=17
Event: 5726.416 Thread 0x0000000057c53800 redefined class name=com.my.service.CustomerService2, count=3
Event: 5729.451 Thread 0x0000000057c53800 redefined class name=com.my.service.CustomerService2, count=4
Event: 5750.727 Thread 0x0000000057c53800 redefined class name=com.my.service.CustomerService2, count=5
Event: 5784.390 Thread 0x0000000057c53800 redefined class name=com.my.view.CustomerMainView, count=18
Event: 5797.321 Thread 0x0000000057c53800 redefined class name=com.my.view.CustomerMainView, count=19
Event: 5814.584 Thread 0x0000000057c53800 redefined class name=com.my.view.CustomerMainView, count=20
Event: 6093.500 Thread 0x0000000057c53800 redefined class name=com.my.service.CustomerService2, count=6

Internal exceptions (6 events):
Event: 0.036 Thread 0x00000000001ee800 Exception <a 'java/lang/NoSuchMethodError': Method sun.misc.Unsafe.defineClass(Ljava/lang/String;[BII)Ljava/lang/Class; name or signature does not match> (0x00000000d5f07cc0) thrown at [C:\jenkins\workspace\8-2-build-windows-amd64-cygwin\jdk8u251\737\hots
Event: 0.036 Thread 0x00000000001ee800 Exception <a 'java/lang/NoSuchMethodError': Method sun.misc.Unsafe.prefetchRead(Ljava/lang/Object;J)V name or signature does not match> (0x00000000d5f07fa8) thrown at [C:\jenkins\workspace\8-2-build-windows-amd64-cygwin\jdk8u251\737\hotspot\src\share\vm\p
Event: 0.382 Thread 0x00000000001ee800 Exception <a 'java/security/PrivilegedActionException'> (0x00000000d655b748) thrown at [C:\jenkins\workspace\8-2-build-windows-amd64-cygwin\jdk8u251\737\hotspot\src\share\vm\prims\jvm.cpp, line 1502]
Event: 0.382 Thread 0x00000000001ee800 Exception <a 'java/security/PrivilegedActionException'> (0x00000000d655bb40) thrown at [C:\jenkins\workspace\8-2-build-windows-amd64-cygwin\jdk8u251\737\hotspot\src\share\vm\prims\jvm.cpp, line 1502]
Event: 0.383 Thread 0x00000000001ee800 Exception <a 'java/security/PrivilegedActionException'> (0x00000000d655fc38) thrown at [C:\jenkins\workspace\8-2-build-windows-amd64-cygwin\jdk8u251\737\hotspot\src\share\vm\prims\jvm.cpp, line 1502]
Event: 0.383 Thread 0x00000000001ee800 Exception <a 'java/security/PrivilegedActionException'> (0x00000000d6560030) thrown at [C:\jenkins\workspace\8-2-build-windows-amd64-cygwin\jdk8u251\737\hotspot\src\share\vm\prims\jvm.cpp, line 1502]

Events (10 events):
Event: 6051.259 Executing VM operation: ChangeBreakpoints done
Event: 6052.356 Executing VM operation: ChangeBreakpoints
Event: 6052.356 Executing VM operation: ChangeBreakpoints done
Event: 6054.748 Executing VM operation: ChangeBreakpoints
Event: 6054.748 Executing VM operation: ChangeBreakpoints done
Event: 6093.499 Executing VM operation: RedefineClasses
Event: 6093.500 Executing VM operation: RedefineClasses done
Event: 8599.010 Executing VM operation: ChangeBreakpoints
Event: 8599.011 Executing VM operation: ChangeBreakpoints done
Event: 8600.648 Executing VM operation: ChangeBreakpoints


Dynamic libraries:
0x000000013fe00000 - 0x000000013fe37000 	C:\Program Files\Java\jdk1.8.0_251\bin\javaw.exe
0x0000000077c60000 - 0x0000000077dff000 	C:\Windows\SYSTEM32\ntdll.dll
0x0000000077a40000 - 0x0000000077b5f000 	C:\Windows\system32\kernel32.dll
0x000007fefd800000 - 0x000007fefd867000 	C:\Windows\system32\KERNELBASE.dll
0x000007fefdb80000 - 0x000007fefdc5b000 	C:\Windows\system32\ADVAPI32.dll
0x000007fefe6b0000 - 0x000007fefe74f000 	C:\Windows\system32\msvcrt.dll
0x000007feffe90000 - 0x000007feffeaf000 	C:\Windows\SYSTEM32\sechost.dll
0x000007feffd30000 - 0x000007feffe5c000 	C:\Windows\system32\RPCRT4.dll
0x0000000077b60000 - 0x0000000077c5b000 	C:\Windows\system32\USER32.dll
0x000007fefe310000 - 0x000007fefe377000 	C:\Windows\system32\GDI32.dll
0x000007fefdb70000 - 0x000007fefdb7e000 	C:\Windows\system32\LPK.dll
0x000007feffb20000 - 0x000007feffbeb000 	C:\Windows\system32\USP10.dll
0x000007fefc1b0000 - 0x000007fefc3a5000 	C:\Windows\WinSxS\amd64_microsoft.windows.common-controls_6595b64144ccf1df_6.0.7601.24483_none_e372d88f30fbb845\COMCTL32.dll
0x000007fefe420000 - 0x000007fefe491000 	C:\Windows\system32\SHLWAPI.dll
0x000007feffe60000 - 0x000007feffe8e000 	C:\Windows\system32\IMM32.DLL
0x000007fefec80000 - 0x000007fefed8b000 	C:\Windows\system32\MSCTF.dll
0x0000000068980000 - 0x0000000068a52000 	C:\Program Files\Java\jdk1.8.0_251\jre\bin\msvcr100.dll
0x0000000070030000 - 0x00000000708db000 	C:\Program Files\Java\jdk1.8.0_251\jre\bin\server\jvm.dll
0x000007fefa9e0000 - 0x000007fefa9e9000 	C:\Windows\system32\WSOCK32.dll
0x000007fefdf30000 - 0x000007fefdf7d000 	C:\Windows\system32\WS2_32.dll
0x000007fefe4a0000 - 0x000007fefe4a8000 	C:\Windows\system32\NSI.dll
0x000007fefb8d0000 - 0x000007fefb90b000 	C:\Windows\system32\WINMM.dll
0x000007fefc870000 - 0x000007fefc87c000 	C:\Windows\system32\VERSION.dll
0x0000000077e00000 - 0x0000000077e07000 	C:\Windows\system32\PSAPI.DLL
0x000007fef2e50000 - 0x000007fef2e5f000 	C:\Program Files\Java\jdk1.8.0_251\jre\bin\verify.dll
0x000007fef2e20000 - 0x000007fef2e49000 	C:\Program Files\Java\jdk1.8.0_251\jre\bin\java.dll
0x000007fef5910000 - 0x000007fef5945000 	C:\Program Files\Java\jdk1.8.0_251\jre\bin\jdwp.dll
0x000007fefaa10000 - 0x000007fefaa18000 	C:\Program Files\Java\jdk1.8.0_251\jre\bin\npt.dll
0x000007fef54e0000 - 0x000007fef5503000 	C:\Program Files\Java\jdk1.8.0_251\jre\bin\instrument.dll
0x000007fef2e00000 - 0x000007fef2e16000 	C:\Program Files\Java\jdk1.8.0_251\jre\bin\zip.dll
0x000007fefed90000 - 0x000007feffb1b000 	C:\Windows\system32\SHELL32.dll
0x000007fefe110000 - 0x000007fefe30f000 	C:\Windows\system32\ole32.dll
0x000007fefd7c0000 - 0x000007fefd7cf000 	C:\Windows\system32\profapi.dll
0x000007fefaa00000 - 0x000007fefaa09000 	C:\Program Files\Java\jdk1.8.0_251\jre\bin\dt_socket.dll
0x000007fefaf50000 - 0x000007fefaf65000 	C:\Windows\system32\NLAapi.dll
0x000007fef8690000 - 0x000007fef86a5000 	C:\Windows\system32\napinsp.dll
0x000007fef83d0000 - 0x000007fef83e9000 	C:\Windows\system32\pnrpnsp.dll
0x000007fefcf10000 - 0x000007fefcf65000 	C:\Windows\System32\mswsock.dll
0x000007fefcd90000 - 0x000007fefcdeb000 	C:\Windows\system32\DNSAPI.dll
0x000007fef7a30000 - 0x000007fef7a3b000 	C:\Windows\System32\winrnr.dll
0x000007fefa9a0000 - 0x000007fefa9c7000 	C:\Windows\system32\IPHLPAPI.DLL
0x000007fefa980000 - 0x000007fefa98b000 	C:\Windows\system32\WINNSI.DLL
0x000007fefa7d0000 - 0x000007fefa823000 	C:\Windows\System32\fwpuclnt.dll
0x000007fef8350000 - 0x000007fef8358000 	C:\Windows\system32\rasadhlp.dll
0x000007fefc960000 - 0x000007fefc967000 	C:\Windows\System32\wshtcpip.dll
0x000007fef7430000 - 0x000007fef7555000 	C:\Windows\system32\dbghelp.dll

VM Arguments:
jvm_args: -agentlib:jdwp=transport=dt_socket,suspend=y,address=localhost:51836 -javaagent:C:\수업용sw\eclipse\configuration\org.eclipse.osgi\411\0\.cp\lib\javaagent-shaded.jar -Dfile.encoding=UTF-8 
java_command: com.my.view.CustomerMainView
java_class_path (initial): C:\수업\oop\bin;C:\수업용sw\eclipse\configuration\org.eclipse.osgi\411\0\.cp\lib\javaagent-shaded.jar
Launcher Type: SUN_STANDARD

Environment Variables:
JAVA_HOME=C:\Program Files\Java\jdk1.8.0_251
PATH=C:\Program Files\Java\jdk1.8.0_251\jre\bin;C:/Program Files/Java/jdk1.8.0_251/bin/../jre/bin/server;C:/Program Files/Java/jdk1.8.0_251/bin/../jre/bin;C:/Program Files/Java/jdk1.8.0_251/bin/../jre/lib/amd64;C:\oraclexe\app\oracle\product\11.2.0\server\bin;;C:\app\user\product\11.2.0\dbhome_2\bin;C:\app\user\product\11.2.0\dbhome_1\bin;C:\Program Files\Java\jdk1.8.0_251\bin;C:\Program Files (x86)\Intel\iCLS Client\;C:\Program Files\Intel\iCLS Client\;C:\Program Files (x86)\AMD APP\bin\x86_64;C:\Program Files (x86)\AMD APP\bin\x86;C:\Windows\system32;C:\Windows;C:\Windows\System32\Wbem;C:\Windows\System32\WindowsPowerShell\v1.0\;C:\Program Files (x86)\ATI Technologies\ATI.ACE\Core-Static;C:\Program Files\Intel\Intel(R) Management Engine Components\DAL;C:\Program Files\Intel\Intel(R) Management Engine Components\IPT;C:\Program Files (x86)\Intel\Intel(R) Management Engine Components\DAL;C:\Program Files (x86)\Intel\Intel(R) Management Engine Components\IPT;C:\Program Files\Intel\WiFi\bin\;C:\Program Files\Common Files\Intel\WirelessCommon\;C:\Program Files\Git\cmd;C:\Program Files\Intel\WiFi\bin\;C:\Program Files\Common Files\Intel\WirelessCommon\;C:\수업용sw\eclipse;
USERNAME=user
OS=Windows_NT
PROCESSOR_IDENTIFIER=Intel64 Family 6 Model 58 Stepping 9, GenuineIntel



---------------  S Y S T E M  ---------------

OS: Windows 7 , 64 bit Build 7601 (6.1.7601.24545)

CPU:total 8 (initial active 8) (4 cores per cpu, 2 threads per core) family 6 model 58 stepping 9, cmov, cx8, fxsr, mmx, sse, sse2, sse3, ssse3, sse4.1, sse4.2, popcnt, avx, aes, clmul, erms, ht, tsc, tscinvbit, tscinv

Memory: 4k page, physical 8267200k(1895000k free), swap 16532500k(3342836k free)

vm_info: Java HotSpot(TM) 64-Bit Server VM (25.251-b08) for windows-amd64 JRE (1.8.0_251-b08), built on Mar 12 2020 06:31:49 by "" with MS VC++ 10.0 (VS2010)

time: Fri May 15 16:36:05 2020
timezone: 대한민국 표준시
elapsed time: 8600 seconds (0d 2h 23m 20s)

