#
# A fatal error has been detected by the Java Runtime Environment:
#
#  EXCEPTION_ACCESS_VIOLATION (0xc0000005) at pc=0x00000000701eed25, pid=7936, tid=0x0000000000000630
#
# JRE version: Java(TM) SE Runtime Environment (8.0_251-b08) (build 1.8.0_251-b08)
# Java VM: Java HotSpot(TM) 64-Bit Server VM (25.251-b08 mixed mode windows-amd64 compressed oops)
# Problematic frame:
# V  [jvm.dll+0x1bed25]
#
# Failed to write core dump. Minidumps are not enabled by default on client versions of Windows
#
# If you would like to submit a bug report, please visit:
#   http://bugreport.java.com/bugreport/crash.jsp
#

---------------  T H R E A D  ---------------

Current thread (0x0000000058c23000):  VMThread [stack: 0x0000000059bf0000,0x0000000059cf0000] [id=1584]

siginfo: ExceptionCode=0xc0000005, reading address 0x000049000005f3a8

Registers:
RAX=0x0000490000004200, RBX=0x0000000059cef7c0, RCX=0x000000000000b62b, RDX=0x0000000000000001
RSP=0x0000000059cef710, RBP=0x000000000241cd10, RSI=0x0000000057631858, RDI=0x000000005a97f6f0
R8 =0x0000000057631188, R9 =0x00000000579d4840, R10=0x0000000000000003, R11=0x000000005770e9c0
R12=0x000000007015fbe0, R13=0x0000000017259248, R14=0x000000000241cd10, R15=0x00000000579d28f0
RIP=0x00000000701eed25, EFLAGS=0x0000000000010202

Top of Stack: (sp=0x0000000059cef710)
0x0000000059cef710:   000000000241cd00 000000005a97f6f0
0x0000000059cef720:   000000000241d0e8 00000000689b39e1
0x0000000059cef730:   000000005a97f6f0 00000000689e8d94
0x0000000059cef740:   0000000000000100 00000000579d4840
0x0000000059cef750:   000000000015ba19 000000000241cd10
0x0000000059cef760:   000000000241d0e8 000000000241cd00
0x0000000059cef770:   000000000241cd10 000000000241d0e8
0x0000000059cef780:   00000000000003d8 0000000058ca8640
0x0000000059cef790:   000000005a97f6f0 00000000701efc57
0x0000000059cef7a0:   000000005a97f6f0 0000000059cef7c0
0x0000000059cef7b0:   000000000241cd00 00000000702c9ae8
0x0000000059cef7c0:   000000007015fd80 0000000000000000
0x0000000059cef7d0:   0000000002429b70 000000007027d757
0x0000000059cef7e0:   000000005a97f680 0000000070277388
0x0000000059cef7f0:   0000000e021927d9 000000007024ec32
0x0000000059cef800:   000000000241cd00 0000000000000000 

Instructions: (pc=0x00000000701eed25)
0x00000000701eed05:   8d 44 d1 08 0f 1f 80 00 00 00 00 49 8b 30 f6 46
0x00000000701eed15:   2b 10 74 26 48 8b 46 08 0f b7 48 22 48 8b 40 08
0x00000000701eed25:   4c 39 7c c8 50 75 13 48 8b 46 08 0f b7 48 24 48
0x00000000701eed35:   8b 40 08 4c 39 4c c8 50 74 0e 49 83 e8 08 48 ff 


Register to memory mapping:

RAX=0x0000490000004200 is an unknown value
RBX=0x0000000059cef7c0 is an unknown value
RCX=0x000000000000b62b is an unknown value
RDX=0x0000000000000001 is an unknown value
RSP=0x0000000059cef710 is an unknown value
RBP=0x000000000241cd10 is an unknown value
RSI={method} {0x0000000057631860} 
[error occurred during error reporting (printing register info), id 0xc0000005]

Stack: [0x0000000059bf0000,0x0000000059cf0000],  sp=0x0000000059cef710,  free space=1021k
Native frames: (J=compiled Java code, j=interpreted, Vv=VM code, C=native code)
V  [jvm.dll+0x1bed25]
V  [jvm.dll+0x1bfc57]
V  [jvm.dll+0x24d757]
V  [jvm.dll+0x24c9f6]
V  [jvm.dll+0x24ce91]
V  [jvm.dll+0x24d0ae]
V  [jvm.dll+0x2a001a]
C  [msvcr100.dll+0x21d9f]
C  [msvcr100.dll+0x21e3b]
C  [kernel32.dll+0x1556d]
C  [ntdll.dll+0x5372d]

VM_Operation (0x000000005a97f680): ChangeBreakpoints, mode: safepoint, requested by thread 0x0000000058ca1000


---------------  P R O C E S S  ---------------

Java Threads: ( => current thread )
  0x0000000058e0e800 JavaThread "Service Thread" daemon [_thread_blocked, id=10524, stack(0x000000005b1f0000,0x000000005b2f0000)]
  0x0000000058d88000 JavaThread "C1 CompilerThread3" daemon [_thread_blocked, id=8600, stack(0x000000005ae70000,0x000000005af70000)]
  0x0000000058d85000 JavaThread "C2 CompilerThread2" daemon [_thread_blocked, id=10512, stack(0x000000005af70000,0x000000005b070000)]
  0x0000000058d84800 JavaThread "C2 CompilerThread1" daemon [_thread_blocked, id=9224, stack(0x000000005ad50000,0x000000005ae50000)]
  0x0000000058d73800 JavaThread "C2 CompilerThread0" daemon [_thread_blocked, id=10508, stack(0x000000005a640000,0x000000005a740000)]
  0x0000000058cb0800 JavaThread "JDWP Command Reader" daemon [_thread_in_native, id=11052, stack(0x000000005abd0000,0x000000005acd0000)]
  0x0000000058cac800 JavaThread "JDWP Event Helper Thread" daemon [_thread_blocked, id=9412, stack(0x000000005aa00000,0x000000005ab00000)]
  0x0000000058ca1000 JavaThread "JDWP Transport Listener: dt_socket" daemon [_thread_blocked, id=10956, stack(0x000000005a880000,0x000000005a980000)]
  0x0000000058c99000 JavaThread "Attach Listener" daemon [_thread_blocked, id=10932, stack(0x000000005a340000,0x000000005a440000)]
  0x0000000058c87000 JavaThread "Signal Dispatcher" daemon [_thread_blocked, id=10440, stack(0x000000005a190000,0x000000005a290000)]
  0x0000000057bc6000 JavaThread "Finalizer" daemon [_thread_blocked, id=10500, stack(0x000000005a080000,0x000000005a180000)]
  0x0000000057bbf800 JavaThread "Reference Handler" daemon [_thread_blocked, id=3636, stack(0x0000000059da0000,0x0000000059ea0000)]
  0x000000000015e800 JavaThread "main" [_thread_in_native, id=11224, stack(0x0000000002630000,0x0000000002730000)]

Other Threads:
=>0x0000000058c23000 VMThread [stack: 0x0000000059bf0000,0x0000000059cf0000] [id=1584]
  0x0000000058f04800 WatcherThread [stack: 0x000000005b0d0000,0x000000005b1d0000] [id=5864]

VM state:at safepoint (normal execution)

VM Mutex/Monitor currently owned by a thread:  ([mutex/lock_event])
[0x00000000023c8a00] Threads_lock - owner thread: 0x0000000058c23000

heap address: 0x0000000081c00000, size: 2020 MB, Compressed Oops mode: 32-bit
Narrow klass base: 0x0000000000000000, Narrow klass shift: 0
Compressed class space size: 1073741824 Address: 0x00000000171d0000

Heap:
 PSYoungGen      total 38400K, used 8732K [0x00000000d5f00000, 0x00000000d8980000, 0x0000000100000000)
  eden space 33280K, 26% used [0x00000000d5f00000,0x00000000d6787370,0x00000000d7f80000)
  from space 5120K, 0% used [0x00000000d8480000,0x00000000d8480000,0x00000000d8980000)
  to   space 5120K, 0% used [0x00000000d7f80000,0x00000000d7f80000,0x00000000d8480000)
 ParOldGen       total 87552K, used 0K [0x0000000081c00000, 0x0000000087180000, 0x00000000d5f00000)
  object space 87552K, 0% used [0x0000000081c00000,0x0000000081c00000,0x0000000087180000)
 Metaspace       used 5979K, capacity 6142K, committed 6400K, reserved 1056768K
  class space    used 628K, capacity 661K, committed 768K, reserved 1048576K

Card table byte_map: [0x0000000011cb0000,0x00000000120b0000] byte_map_base: 0x00000000118a2000

Marking Bits: (ParMarkBitMap*) 0x000000007085af90
 Begin Bits: [0x0000000012eb0000, 0x0000000014e40000)
 End Bits:   [0x0000000014e40000, 0x0000000016dd0000)

Polling page: 0x0000000000120000

CodeCache: size=245760Kb used=1905Kb max_used=1907Kb free=243854Kb
 bounds [0x00000000028f0000, 0x0000000002b60000, 0x00000000118f0000]
 total_blobs=522 nmethods=225 adapters=218
 compilation: enabled

Compilation events (10 events):
Event: 5949.247 Thread 0x0000000058d88000  221       3       org.eclipse.jdt.launching.internal.org.objectweb.asm.Label::addForwardReference (102 bytes)
Event: 5949.248 Thread 0x0000000058d88000 nmethod 221 0x0000000002ac1990 code [0x0000000002ac1b20, 0x0000000002ac1fa8]
Event: 6061.087 Thread 0x0000000058d88000  222       3       org.eclipse.jdt.launching.internal.org.objectweb.asm.MethodWriter::visitFrame (787 bytes)
Event: 6061.089 Thread 0x0000000058d88000 nmethod 222 0x0000000002ac7290 code [0x0000000002ac7740, 0x0000000002ac9908]
Event: 6061.089 Thread 0x0000000058d88000  223       3       org.eclipse.jdt.launching.internal.org.objectweb.asm.AnnotationWriter::computeAnnotationsSize (66 bytes)
Event: 6061.090 Thread 0x0000000058d88000 nmethod 223 0x0000000002ac1090 code [0x0000000002ac1240, 0x0000000002ac17b8]
Event: 6171.196 Thread 0x0000000058d85000  224       4       org.eclipse.jdt.launching.internal.org.objectweb.asm.Symbol::<init> (38 bytes)
Event: 6171.197 Thread 0x0000000058d85000 nmethod 224 0x0000000002acded0 code [0x0000000002ace000, 0x0000000002ace078]
Event: 6188.644 Thread 0x0000000058d88000  225       3       org.eclipse.jdt.launching.internal.org.objectweb.asm.MethodWriter::visitJumpInsn (495 bytes)
Event: 6188.645 Thread 0x0000000058d88000 nmethod 225 0x0000000002acb9d0 code [0x0000000002acbd00, 0x0000000002acd2e8]

GC Heap History (0 events):
No events

Deoptimization events (0 events):
No events

Classes redefined (10 events):
Event: 5159.289 Thread 0x0000000058c23000 redefined class name=com.my.view.CustomerMainView, count=12
Event: 5335.323 Thread 0x0000000058c23000 redefined class name=com.my.view.CustomerMainView, count=13
Event: 5441.488 Thread 0x0000000058c23000 redefined class name=com.my.view.CustomerMainView, count=14
Event: 5513.939 Thread 0x0000000058c23000 redefined class name=com.my.service.CustomerService2, count=3
Event: 5516.973 Thread 0x0000000058c23000 redefined class name=com.my.service.CustomerService2, count=4
Event: 5538.249 Thread 0x0000000058c23000 redefined class name=com.my.service.CustomerService2, count=5
Event: 5571.912 Thread 0x0000000058c23000 redefined class name=com.my.view.CustomerMainView, count=15
Event: 5584.844 Thread 0x0000000058c23000 redefined class name=com.my.view.CustomerMainView, count=16
Event: 5602.107 Thread 0x0000000058c23000 redefined class name=com.my.view.CustomerMainView, count=17
Event: 5881.022 Thread 0x0000000058c23000 redefined class name=com.my.service.CustomerService2, count=6

Internal exceptions (6 events):
Event: 0.040 Thread 0x000000000015e800 Exception <a 'java/lang/NoSuchMethodError': Method sun.misc.Unsafe.defineClass(Ljava/lang/String;[BII)Ljava/lang/Class; name or signature does not match> (0x00000000d5f07cc0) thrown at [C:\jenkins\workspace\8-2-build-windows-amd64-cygwin\jdk8u251\737\hots
Event: 0.040 Thread 0x000000000015e800 Exception <a 'java/lang/NoSuchMethodError': Method sun.misc.Unsafe.prefetchRead(Ljava/lang/Object;J)V name or signature does not match> (0x00000000d5f07fa8) thrown at [C:\jenkins\workspace\8-2-build-windows-amd64-cygwin\jdk8u251\737\hotspot\src\share\vm\p
Event: 0.539 Thread 0x000000000015e800 Exception <a 'java/security/PrivilegedActionException'> (0x00000000d655b8e8) thrown at [C:\jenkins\workspace\8-2-build-windows-amd64-cygwin\jdk8u251\737\hotspot\src\share\vm\prims\jvm.cpp, line 1502]
Event: 0.539 Thread 0x000000000015e800 Exception <a 'java/security/PrivilegedActionException'> (0x00000000d655bce0) thrown at [C:\jenkins\workspace\8-2-build-windows-amd64-cygwin\jdk8u251\737\hotspot\src\share\vm\prims\jvm.cpp, line 1502]
Event: 0.540 Thread 0x000000000015e800 Exception <a 'java/security/PrivilegedActionException'> (0x00000000d655fdd8) thrown at [C:\jenkins\workspace\8-2-build-windows-amd64-cygwin\jdk8u251\737\hotspot\src\share\vm\prims\jvm.cpp, line 1502]
Event: 0.540 Thread 0x000000000015e800 Exception <a 'java/security/PrivilegedActionException'> (0x00000000d65601d0) thrown at [C:\jenkins\workspace\8-2-build-windows-amd64-cygwin\jdk8u251\737\hotspot\src\share\vm\prims\jvm.cpp, line 1502]

Events (10 events):
Event: 5838.777 Executing VM operation: ChangeBreakpoints done
Event: 5839.874 Executing VM operation: ChangeBreakpoints
Event: 5839.874 Executing VM operation: ChangeBreakpoints done
Event: 5842.268 Executing VM operation: ChangeBreakpoints
Event: 5842.268 Executing VM operation: ChangeBreakpoints done
Event: 5881.021 Executing VM operation: RedefineClasses
Event: 5881.022 Executing VM operation: RedefineClasses done
Event: 8386.527 Executing VM operation: ChangeBreakpoints
Event: 8386.528 Executing VM operation: ChangeBreakpoints done
Event: 8388.208 Executing VM operation: ChangeBreakpoints


Dynamic libraries:
0x000000013fe00000 - 0x000000013fe37000 	C:\Program Files\Java\jdk1.8.0_251\bin\javaw.exe
0x0000000077c60000 - 0x0000000077dff000 	C:\Windows\SYSTEM32\ntdll.dll
0x0000000077a40000 - 0x0000000077b5f000 	C:\Windows\system32\kernel32.dll
0x000007fefd800000 - 0x000007fefd867000 	C:\Windows\system32\KERNELBASE.dll
0x000007fefdb80000 - 0x000007fefdc5b000 	C:\Windows\system32\ADVAPI32.dll
0x000007fefe6b0000 - 0x000007fefe74f000 	C:\Windows\system32\msvcrt.dll
0x000007feffe90000 - 0x000007feffeaf000 	C:\Windows\SYSTEM32\sechost.dll
0x000007feffd30000 - 0x000007feffe5c000 	C:\Windows\system32\RPCRT4.dll
0x0000000077b60000 - 0x0000000077c5b000 	C:\Windows\system32\USER32.dll
0x000007fefe310000 - 0x000007fefe377000 	C:\Windows\system32\GDI32.dll
0x000007fefdb70000 - 0x000007fefdb7e000 	C:\Windows\system32\LPK.dll
0x000007feffb20000 - 0x000007feffbeb000 	C:\Windows\system32\USP10.dll
0x000007fefc1b0000 - 0x000007fefc3a5000 	C:\Windows\WinSxS\amd64_microsoft.windows.common-controls_6595b64144ccf1df_6.0.7601.24483_none_e372d88f30fbb845\COMCTL32.dll
0x000007fefe420000 - 0x000007fefe491000 	C:\Windows\system32\SHLWAPI.dll
0x000007feffe60000 - 0x000007feffe8e000 	C:\Windows\system32\IMM32.DLL
0x000007fefec80000 - 0x000007fefed8b000 	C:\Windows\system32\MSCTF.dll
0x0000000068980000 - 0x0000000068a52000 	C:\Program Files\Java\jdk1.8.0_251\jre\bin\msvcr100.dll
0x0000000070030000 - 0x00000000708db000 	C:\Program Files\Java\jdk1.8.0_251\jre\bin\server\jvm.dll
0x000007fefa9e0000 - 0x000007fefa9e9000 	C:\Windows\system32\WSOCK32.dll
0x000007fefdf30000 - 0x000007fefdf7d000 	C:\Windows\system32\WS2_32.dll
0x000007fefe4a0000 - 0x000007fefe4a8000 	C:\Windows\system32\NSI.dll
0x000007fefb8d0000 - 0x000007fefb90b000 	C:\Windows\system32\WINMM.dll
0x000007fefc870000 - 0x000007fefc87c000 	C:\Windows\system32\VERSION.dll
0x0000000077e00000 - 0x0000000077e07000 	C:\Windows\system32\PSAPI.DLL
0x000007fef2e50000 - 0x000007fef2e5f000 	C:\Program Files\Java\jdk1.8.0_251\jre\bin\verify.dll
0x000007fef2e20000 - 0x000007fef2e49000 	C:\Program Files\Java\jdk1.8.0_251\jre\bin\java.dll
0x000007fef5910000 - 0x000007fef5945000 	C:\Program Files\Java\jdk1.8.0_251\jre\bin\jdwp.dll
0x000007fefaa10000 - 0x000007fefaa18000 	C:\Program Files\Java\jdk1.8.0_251\jre\bin\npt.dll
0x000007fef54e0000 - 0x000007fef5503000 	C:\Program Files\Java\jdk1.8.0_251\jre\bin\instrument.dll
0x000007fef2e00000 - 0x000007fef2e16000 	C:\Program Files\Java\jdk1.8.0_251\jre\bin\zip.dll
0x000007fefed90000 - 0x000007feffb1b000 	C:\Windows\system32\SHELL32.dll
0x000007fefe110000 - 0x000007fefe30f000 	C:\Windows\system32\ole32.dll
0x000007fefd7c0000 - 0x000007fefd7cf000 	C:\Windows\system32\profapi.dll
0x000007fefaa00000 - 0x000007fefaa09000 	C:\Program Files\Java\jdk1.8.0_251\jre\bin\dt_socket.dll
0x000007fefaf50000 - 0x000007fefaf65000 	C:\Windows\system32\NLAapi.dll
0x000007fef8690000 - 0x000007fef86a5000 	C:\Windows\system32\napinsp.dll
0x000007fef83d0000 - 0x000007fef83e9000 	C:\Windows\system32\pnrpnsp.dll
0x000007fefcf10000 - 0x000007fefcf65000 	C:\Windows\System32\mswsock.dll
0x000007fefcd90000 - 0x000007fefcdeb000 	C:\Windows\system32\DNSAPI.dll
0x000007fef7a30000 - 0x000007fef7a3b000 	C:\Windows\System32\winrnr.dll
0x000007fefa9a0000 - 0x000007fefa9c7000 	C:\Windows\system32\IPHLPAPI.DLL
0x000007fefa980000 - 0x000007fefa98b000 	C:\Windows\system32\WINNSI.DLL
0x000007fefa7d0000 - 0x000007fefa823000 	C:\Windows\System32\fwpuclnt.dll
0x000007fef8350000 - 0x000007fef8358000 	C:\Windows\system32\rasadhlp.dll
0x000007fefc960000 - 0x000007fefc967000 	C:\Windows\System32\wshtcpip.dll
0x000007fef7430000 - 0x000007fef7555000 	C:\Windows\system32\dbghelp.dll

VM Arguments:
jvm_args: -agentlib:jdwp=transport=dt_socket,suspend=y,address=localhost:51861 -javaagent:C:\수업용sw\eclipse\configuration\org.eclipse.osgi\411\0\.cp\lib\javaagent-shaded.jar -Dfile.encoding=UTF-8 
java_command: com.my.view.CustomerMainView
java_class_path (initial): C:\수업\oop\bin;C:\수업용sw\eclipse\configuration\org.eclipse.osgi\411\0\.cp\lib\javaagent-shaded.jar
Launcher Type: SUN_STANDARD

Environment Variables:
JAVA_HOME=C:\Program Files\Java\jdk1.8.0_251
PATH=C:\Program Files\Java\jdk1.8.0_251\jre\bin;C:/Program Files/Java/jdk1.8.0_251/bin/../jre/bin/server;C:/Program Files/Java/jdk1.8.0_251/bin/../jre/bin;C:/Program Files/Java/jdk1.8.0_251/bin/../jre/lib/amd64;C:\oraclexe\app\oracle\product\11.2.0\server\bin;;C:\app\user\product\11.2.0\dbhome_2\bin;C:\app\user\product\11.2.0\dbhome_1\bin;C:\Program Files\Java\jdk1.8.0_251\bin;C:\Program Files (x86)\Intel\iCLS Client\;C:\Program Files\Intel\iCLS Client\;C:\Program Files (x86)\AMD APP\bin\x86_64;C:\Program Files (x86)\AMD APP\bin\x86;C:\Windows\system32;C:\Windows;C:\Windows\System32\Wbem;C:\Windows\System32\WindowsPowerShell\v1.0\;C:\Program Files (x86)\ATI Technologies\ATI.ACE\Core-Static;C:\Program Files\Intel\Intel(R) Management Engine Components\DAL;C:\Program Files\Intel\Intel(R) Management Engine Components\IPT;C:\Program Files (x86)\Intel\Intel(R) Management Engine Components\DAL;C:\Program Files (x86)\Intel\Intel(R) Management Engine Components\IPT;C:\Program Files\Intel\WiFi\bin\;C:\Program Files\Common Files\Intel\WirelessCommon\;C:\Program Files\Git\cmd;C:\Program Files\Intel\WiFi\bin\;C:\Program Files\Common Files\Intel\WirelessCommon\;C:\수업용sw\eclipse;
USERNAME=user
OS=Windows_NT
PROCESSOR_IDENTIFIER=Intel64 Family 6 Model 58 Stepping 9, GenuineIntel



---------------  S Y S T E M  ---------------

OS: Windows 7 , 64 bit Build 7601 (6.1.7601.24545)

CPU:total 8 (initial active 8) (4 cores per cpu, 2 threads per core) family 6 model 58 stepping 9, cmov, cx8, fxsr, mmx, sse, sse2, sse3, ssse3, sse4.1, sse4.2, popcnt, avx, aes, clmul, erms, ht, tsc, tscinvbit, tscinv

Memory: 4k page, physical 8267200k(1947160k free), swap 16532500k(3860048k free)

vm_info: Java HotSpot(TM) 64-Bit Server VM (25.251-b08) for windows-amd64 JRE (1.8.0_251-b08), built on Mar 12 2020 06:31:49 by "" with MS VC++ 10.0 (VS2010)

time: Fri May 15 16:36:05 2020
timezone: 대한민국 표준시
elapsed time: 8388 seconds (0d 2h 19m 48s)

